<?xml version="1.0" encoding="utf-8"?>
<coverage line-rate="0.9556" branch-rate="1" version="1.9" timestamp="1669299700" lines-covered="323" lines-valid="338" branches-covered="72" branches-valid="72">
  <sources>
    <source>C:\Users\Dell\</source>
  </sources>
  <packages>
    <package name="Tetris" line-rate="0.9146" branch-rate="1" complexity="58">
      <classes>
        <class name="Tetris.Handler" filename="OneDrive\Рабочий стол\Studying\tetris\Tetris\Handler.cs" line-rate="1" branch-rate="1" complexity="12">
          <methods>
            <method name="MainHandler" signature="(System.String[],Tetris.Interfaces.IOutPut,Tetris.Interfaces.IFileSystem)" line-rate="1" branch-rate="1" complexity="12">
              <lines>
                <line number="8" hits="5" branch="False" />
                <line number="9" hits="5" branch="True" condition-coverage="100% (2/2)">
                  <conditions>
                    <condition number="10" type="jump" coverage="100%" />
                  </conditions>
                </line>
                <line number="10" hits="1" branch="False" />
                <line number="11" hits="1" branch="False" />
                <line number="12" hits="1" branch="False" />
                <line number="15" hits="4" branch="False" />
                <line number="16" hits="4" branch="True" condition-coverage="100% (2/2)">
                  <conditions>
                    <condition number="48" type="jump" coverage="100%" />
                  </conditions>
                </line>
                <line number="17" hits="1" branch="False" />
                <line number="18" hits="1" branch="False" />
                <line number="19" hits="1" branch="False" />
                <line number="21" hits="3" branch="True" condition-coverage="100% (2/2)">
                  <conditions>
                    <condition number="72" type="jump" coverage="100%" />
                  </conditions>
                </line>
                <line number="22" hits="3" branch="False" />
                <line number="25" hits="3" branch="False" />
                <line number="26" hits="3" branch="False" />
                <line number="27" hits="2" branch="False" />
                <line number="28" hits="1" branch="False" />
                <line number="29" hits="1" branch="False" />
                <line number="30" hits="1" branch="False" />
                <line number="31" hits="1" branch="False" />
                <line number="33" hits="3" branch="True" condition-coverage="100% (2/2)">
                  <conditions>
                    <condition number="130" type="jump" coverage="100%" />
                  </conditions>
                </line>
                <line number="34" hits="1" branch="False" />
                <line number="35" hits="1" branch="False" />
                <line number="36" hits="1" branch="False" />
                <line number="39" hits="2" branch="False" />
                <line number="40" hits="2" branch="False" />
                <line number="41" hits="2" branch="True" condition-coverage="100% (2/2)">
                  <conditions>
                    <condition number="176" type="jump" coverage="100%" />
                  </conditions>
                </line>
                <line number="42" hits="1" branch="False" />
                <line number="43" hits="1" branch="False" />
                <line number="44" hits="9" branch="True" condition-coverage="100% (2/2)">
                  <conditions>
                    <condition number="237" type="jump" coverage="100%" />
                  </conditions>
                </line>
                <line number="45" hits="3" branch="False" />
                <line number="46" hits="3" branch="False" />
                <line number="47" hits="3" branch="False" />
                <line number="48" hits="1" branch="False" />
                <line number="50" hits="1" branch="False" />
                <line number="51" hits="1" branch="False" />
                <line number="52" hits="1" branch="False" />
                <line number="53" hits="1" branch="False" />
                <line number="54" hits="2" branch="False" />
                <line number="55" hits="5" branch="False" />
              </lines>
            </method>
          </methods>
          <lines>
            <line number="8" hits="5" branch="False" />
            <line number="9" hits="5" branch="True" condition-coverage="100% (2/2)">
              <conditions>
                <condition number="10" type="jump" coverage="100%" />
              </conditions>
            </line>
            <line number="10" hits="1" branch="False" />
            <line number="11" hits="1" branch="False" />
            <line number="12" hits="1" branch="False" />
            <line number="15" hits="4" branch="False" />
            <line number="16" hits="4" branch="True" condition-coverage="100% (2/2)">
              <conditions>
                <condition number="48" type="jump" coverage="100%" />
              </conditions>
            </line>
            <line number="17" hits="1" branch="False" />
            <line number="18" hits="1" branch="False" />
            <line number="19" hits="1" branch="False" />
            <line number="21" hits="3" branch="True" condition-coverage="100% (2/2)">
              <conditions>
                <condition number="72" type="jump" coverage="100%" />
              </conditions>
            </line>
            <line number="22" hits="3" branch="False" />
            <line number="25" hits="3" branch="False" />
            <line number="26" hits="3" branch="False" />
            <line number="27" hits="2" branch="False" />
            <line number="28" hits="1" branch="False" />
            <line number="29" hits="1" branch="False" />
            <line number="30" hits="1" branch="False" />
            <line number="31" hits="1" branch="False" />
            <line number="33" hits="3" branch="True" condition-coverage="100% (2/2)">
              <conditions>
                <condition number="130" type="jump" coverage="100%" />
              </conditions>
            </line>
            <line number="34" hits="1" branch="False" />
            <line number="35" hits="1" branch="False" />
            <line number="36" hits="1" branch="False" />
            <line number="39" hits="2" branch="False" />
            <line number="40" hits="2" branch="False" />
            <line number="41" hits="2" branch="True" condition-coverage="100% (2/2)">
              <conditions>
                <condition number="176" type="jump" coverage="100%" />
              </conditions>
            </line>
            <line number="42" hits="1" branch="False" />
            <line number="43" hits="1" branch="False" />
            <line number="44" hits="9" branch="True" condition-coverage="100% (2/2)">
              <conditions>
                <condition number="237" type="jump" coverage="100%" />
              </conditions>
            </line>
            <line number="45" hits="3" branch="False" />
            <line number="46" hits="3" branch="False" />
            <line number="47" hits="3" branch="False" />
            <line number="48" hits="1" branch="False" />
            <line number="50" hits="1" branch="False" />
            <line number="51" hits="1" branch="False" />
            <line number="52" hits="1" branch="False" />
            <line number="53" hits="1" branch="False" />
            <line number="54" hits="2" branch="False" />
            <line number="55" hits="5" branch="False" />
          </lines>
        </class>
        <class name="Tetris.Logic" filename="OneDrive\Рабочий стол\Studying\tetris\Tetris\Logic.cs" line-rate="1" branch-rate="1" complexity="37">
          <methods>
            <method name="get_Height" signature="()" line-rate="1" branch-rate="1" complexity="1">
              <lines>
                <line number="8" hits="89" branch="False" />
              </lines>
            </method>
            <method name="get_Weight" signature="()" line-rate="1" branch-rate="1" complexity="1">
              <lines>
                <line number="9" hits="771" branch="False" />
              </lines>
            </method>
            <method name="get_Figure" signature="()" line-rate="1" branch-rate="1" complexity="1">
              <lines>
                <line number="10" hits="314" branch="False" />
              </lines>
            </method>
            <method name="get_Landscape" signature="()" line-rate="1" branch-rate="1" complexity="1">
              <lines>
                <line number="11" hits="448" branch="False" />
              </lines>
            </method>
            <method name="ReadFigure" signature="()" line-rate="1" branch-rate="1" complexity="8">
              <lines>
                <line number="22" hits="6" branch="False" />
                <line number="23" hits="96" branch="True" condition-coverage="100% (2/2)">
                  <conditions>
                    <condition number="135" type="jump" coverage="100%" />
                  </conditions>
                </line>
                <line number="24" hits="42" branch="False" />
                <line number="25" hits="840" branch="True" condition-coverage="100% (2/2)">
                  <conditions>
                    <condition number="115" type="jump" coverage="100%" />
                  </conditions>
                </line>
                <line number="26" hits="378" branch="False" />
                <line number="27" hits="378" branch="True" condition-coverage="100% (2/2)">
                  <conditions>
                    <condition number="30" type="jump" coverage="100%" />
                  </conditions>
                </line>
                <line number="28" hits="48" branch="False" />
                <line number="29" hits="48" branch="False" />
                <line number="30" hits="48" branch="False" />
                <line number="31" hits="330" branch="True" condition-coverage="100% (2/2)">
                  <conditions>
                    <condition number="74" type="jump" coverage="100%" />
                  </conditions>
                </line>
                <line number="32" hits="114" branch="False" />
                <line number="33" hits="114" branch="False" />
                <line number="34" hits="114" branch="False" />
                <line number="35" hits="378" branch="False" />
                <line number="36" hits="42" branch="False" />
                <line number="37" hits="6" branch="False" />
              </lines>
            </method>
            <method name="Step" signature="()" line-rate="1" branch-rate="1" complexity="10">
              <lines>
                <line number="39" hits="12" branch="False" />
                <line number="40" hits="12" branch="False" />
                <line number="41" hits="228" branch="True" condition-coverage="100% (2/2)">
                  <conditions>
                    <condition number="67" type="jump" coverage="100%" />
                  </conditions>
                </line>
                <line number="42" hits="96" branch="False" />
                <line number="43" hits="96" branch="False" />
                <line number="44" hits="96" branch="False" />
                <line number="45" hits="465" branch="True" condition-coverage="100% (2/2)">
                  <conditions>
                    <condition number="235" type="jump" coverage="100%" />
                  </conditions>
                </line>
                <line number="46" hits="216" branch="False" />
                <line number="47" hits="4095" branch="True" condition-coverage="100% (2/2)">
                  <conditions>
                    <condition number="208" type="jump" coverage="100%" />
                  </conditions>
                </line>
                <line number="48" hits="1725" branch="False" />
                <line number="49" hits="1725" branch="True" condition-coverage="100% (4/4)">
                  <conditions>
                    <condition number="155" type="jump" coverage="100%" />
                    <condition number="187" type="jump" coverage="100%" />
                  </conditions>
                </line>
                <line number="50" hits="3" branch="False" />
                <line number="51" hits="3" branch="False" />
                <line number="53" hits="1722" branch="False" />
                <line number="54" hits="213" branch="False" />
                <line number="55" hits="9" branch="False" />
                <line number="56" hits="12" branch="False" />
              </lines>
            </method>
            <method name="Move" signature="()" line-rate="1" branch-rate="1" complexity="2">
              <lines>
                <line number="58" hits="2" branch="False" />
                <line number="59" hits="8" branch="False" />
                <line number="60" hits="8" branch="False" />
                <line number="61" hits="8" branch="False" />
                <line number="62" hits="8" branch="True" condition-coverage="100% (2/2)">
                  <conditions>
                    <condition number="40" type="jump" coverage="100%" />
                  </conditions>
                </line>
                <line number="63" hits="2" branch="False" />
                <line number="64" hits="2" branch="False" />
                <line number="66" hits="6" branch="False" />
                <line number="67" hits="6" branch="False" />
                <line number="68" hits="2" branch="False" />
              </lines>
            </method>
            <method name="MoveAndReturnAllStep" signature="()" line-rate="1" branch-rate="1" complexity="2">
              <lines>
                <line number="71" hits="1" branch="False" />
                <line number="72" hits="1" branch="False" />
                <line number="73" hits="1" branch="False" />
                <line number="74" hits="3" branch="False" />
                <line number="75" hits="3" branch="False" />
                <line number="76" hits="3" branch="False" />
                <line number="77" hits="3" branch="False" />
                <line number="78" hits="3" branch="False" />
                <line number="79" hits="3" branch="True" condition-coverage="100% (2/2)">
                  <conditions>
                    <condition number="125" type="jump" coverage="100%" />
                  </conditions>
                </line>
                <line number="80" hits="1" branch="False" />
                <line number="81" hits="1" branch="False" />
                <line number="83" hits="2" branch="False" />
                <line number="84" hits="2" branch="False" />
                <line number="85" hits="2" branch="False" />
                <line number="86" hits="1" branch="False" />
                <line number="87" hits="1" branch="False" />
              </lines>
            </method>
            <method name="PrintGameBoard" signature="()" line-rate="1" branch-rate="1" complexity="10">
              <lines>
                <line number="90" hits="5" branch="False" />
                <line number="91" hits="5" branch="False" />
                <line number="93" hits="80" branch="True" condition-coverage="100% (2/2)">
                  <conditions>
                    <condition number="242" type="jump" coverage="100%" />
                  </conditions>
                </line>
                <line number="94" hits="35" branch="False" />
                <line number="95" hits="700" branch="True" condition-coverage="100% (2/2)">
                  <conditions>
                    <condition number="188" type="jump" coverage="100%" />
                  </conditions>
                </line>
                <line number="96" hits="315" branch="False" />
                <line number="97" hits="5445" branch="True" condition-coverage="100% (2/2)">
                  <conditions>
                    <condition number="74" type="jump" coverage="100%" />
                  </conditions>
                </line>
                <line number="98" hits="95" branch="False" />
                <line number="99" hits="95" branch="False" />
                <line number="100" hits="95" branch="False" />
                <line number="101" hits="1840" branch="True" condition-coverage="100% (4/4)">
                  <conditions>
                    <condition number="119" type="jump" coverage="100%" />
                    <condition number="18" type="jump" coverage="100%" />
                  </conditions>
                </line>
                <line number="102" hits="40" branch="False" />
                <line number="103" hits="40" branch="False" />
                <line number="104" hits="40" branch="False" />
                <line number="106" hits="180" branch="False" />
                <line number="107" hits="180" branch="False" />
                <line number="108" hits="180" branch="False" />
                <line number="109" hits="315" branch="False" />
                <line number="110" hits="35" branch="False" />
                <line number="111" hits="35" branch="False" />
                <line number="112" hits="5" branch="False" />
                <line number="113" hits="5" branch="False" />
              </lines>
            </method>
            <method name=".ctor" signature="(System.Char[0...,0...],System.Int32,System.Int32)" line-rate="1" branch-rate="1" complexity="1">
              <lines>
                <line number="12" hits="6" branch="False" />
                <line number="13" hits="6" branch="False" />
                <line number="14" hits="6" branch="False" />
                <line number="15" hits="6" branch="False" />
                <line number="16" hits="6" branch="False" />
                <line number="17" hits="6" branch="False" />
                <line number="18" hits="6" branch="False" />
                <line number="19" hits="6" branch="False" />
                <line number="20" hits="6" branch="False" />
              </lines>
            </method>
          </methods>
          <lines>
            <line number="8" hits="89" branch="False" />
            <line number="9" hits="771" branch="False" />
            <line number="10" hits="314" branch="False" />
            <line number="11" hits="448" branch="False" />
            <line number="22" hits="6" branch="False" />
            <line number="23" hits="96" branch="True" condition-coverage="100% (2/2)">
              <conditions>
                <condition number="135" type="jump" coverage="100%" />
              </conditions>
            </line>
            <line number="24" hits="42" branch="False" />
            <line number="25" hits="840" branch="True" condition-coverage="100% (2/2)">
              <conditions>
                <condition number="115" type="jump" coverage="100%" />
              </conditions>
            </line>
            <line number="26" hits="378" branch="False" />
            <line number="27" hits="378" branch="True" condition-coverage="100% (2/2)">
              <conditions>
                <condition number="30" type="jump" coverage="100%" />
              </conditions>
            </line>
            <line number="28" hits="48" branch="False" />
            <line number="29" hits="48" branch="False" />
            <line number="30" hits="48" branch="False" />
            <line number="31" hits="330" branch="True" condition-coverage="100% (2/2)">
              <conditions>
                <condition number="74" type="jump" coverage="100%" />
              </conditions>
            </line>
            <line number="32" hits="114" branch="False" />
            <line number="33" hits="114" branch="False" />
            <line number="34" hits="114" branch="False" />
            <line number="35" hits="378" branch="False" />
            <line number="36" hits="42" branch="False" />
            <line number="37" hits="6" branch="False" />
            <line number="39" hits="12" branch="False" />
            <line number="40" hits="12" branch="False" />
            <line number="41" hits="228" branch="True" condition-coverage="100% (2/2)">
              <conditions>
                <condition number="67" type="jump" coverage="100%" />
              </conditions>
            </line>
            <line number="42" hits="96" branch="False" />
            <line number="43" hits="96" branch="False" />
            <line number="44" hits="96" branch="False" />
            <line number="45" hits="465" branch="True" condition-coverage="100% (2/2)">
              <conditions>
                <condition number="235" type="jump" coverage="100%" />
              </conditions>
            </line>
            <line number="46" hits="216" branch="False" />
            <line number="47" hits="4095" branch="True" condition-coverage="100% (2/2)">
              <conditions>
                <condition number="208" type="jump" coverage="100%" />
              </conditions>
            </line>
            <line number="48" hits="1725" branch="False" />
            <line number="49" hits="1725" branch="True" condition-coverage="100% (4/4)">
              <conditions>
                <condition number="155" type="jump" coverage="100%" />
                <condition number="187" type="jump" coverage="100%" />
              </conditions>
            </line>
            <line number="50" hits="3" branch="False" />
            <line number="51" hits="3" branch="False" />
            <line number="53" hits="1722" branch="False" />
            <line number="54" hits="213" branch="False" />
            <line number="55" hits="9" branch="False" />
            <line number="56" hits="12" branch="False" />
            <line number="58" hits="2" branch="False" />
            <line number="59" hits="8" branch="False" />
            <line number="60" hits="8" branch="False" />
            <line number="61" hits="8" branch="False" />
            <line number="62" hits="8" branch="True" condition-coverage="100% (2/2)">
              <conditions>
                <condition number="40" type="jump" coverage="100%" />
              </conditions>
            </line>
            <line number="63" hits="2" branch="False" />
            <line number="64" hits="2" branch="False" />
            <line number="66" hits="6" branch="False" />
            <line number="67" hits="6" branch="False" />
            <line number="68" hits="2" branch="False" />
            <line number="71" hits="1" branch="False" />
            <line number="72" hits="1" branch="False" />
            <line number="73" hits="1" branch="False" />
            <line number="74" hits="3" branch="False" />
            <line number="75" hits="3" branch="False" />
            <line number="76" hits="3" branch="False" />
            <line number="77" hits="3" branch="False" />
            <line number="78" hits="3" branch="False" />
            <line number="79" hits="3" branch="True" condition-coverage="100% (2/2)">
              <conditions>
                <condition number="125" type="jump" coverage="100%" />
              </conditions>
            </line>
            <line number="80" hits="1" branch="False" />
            <line number="81" hits="1" branch="False" />
            <line number="83" hits="2" branch="False" />
            <line number="84" hits="2" branch="False" />
            <line number="85" hits="2" branch="False" />
            <line number="86" hits="1" branch="False" />
            <line number="87" hits="1" branch="False" />
            <line number="90" hits="5" branch="False" />
            <line number="91" hits="5" branch="False" />
            <line number="93" hits="80" branch="True" condition-coverage="100% (2/2)">
              <conditions>
                <condition number="242" type="jump" coverage="100%" />
              </conditions>
            </line>
            <line number="94" hits="35" branch="False" />
            <line number="95" hits="700" branch="True" condition-coverage="100% (2/2)">
              <conditions>
                <condition number="188" type="jump" coverage="100%" />
              </conditions>
            </line>
            <line number="96" hits="315" branch="False" />
            <line number="97" hits="5445" branch="True" condition-coverage="100% (2/2)">
              <conditions>
                <condition number="74" type="jump" coverage="100%" />
              </conditions>
            </line>
            <line number="98" hits="95" branch="False" />
            <line number="99" hits="95" branch="False" />
            <line number="100" hits="95" branch="False" />
            <line number="101" hits="1840" branch="True" condition-coverage="100% (4/4)">
              <conditions>
                <condition number="119" type="jump" coverage="100%" />
                <condition number="18" type="jump" coverage="100%" />
              </conditions>
            </line>
            <line number="102" hits="40" branch="False" />
            <line number="103" hits="40" branch="False" />
            <line number="104" hits="40" branch="False" />
            <line number="106" hits="180" branch="False" />
            <line number="107" hits="180" branch="False" />
            <line number="108" hits="180" branch="False" />
            <line number="109" hits="315" branch="False" />
            <line number="110" hits="35" branch="False" />
            <line number="111" hits="35" branch="False" />
            <line number="112" hits="5" branch="False" />
            <line number="113" hits="5" branch="False" />
            <line number="12" hits="6" branch="False" />
            <line number="13" hits="6" branch="False" />
            <line number="14" hits="6" branch="False" />
            <line number="15" hits="6" branch="False" />
            <line number="16" hits="6" branch="False" />
            <line number="17" hits="6" branch="False" />
            <line number="18" hits="6" branch="False" />
            <line number="19" hits="6" branch="False" />
            <line number="20" hits="6" branch="False" />
          </lines>
        </class>
        <class name="Tetris.MainFileSystem" filename="OneDrive\Рабочий стол\Studying\tetris\Tetris\MainFileSystem.cs" line-rate="0" branch-rate="1" complexity="2">
          <methods>
            <method name="IfFileExist" signature="(System.String)" line-rate="0" branch-rate="1" complexity="1">
              <lines>
                <line number="8" hits="0" branch="False" />
                <line number="9" hits="0" branch="False" />
                <line number="10" hits="0" branch="False" />
              </lines>
            </method>
            <method name="ReadFileAsString" signature="(System.String)" line-rate="0" branch-rate="1" complexity="1">
              <lines>
                <line number="13" hits="0" branch="False" />
                <line number="14" hits="0" branch="False" />
                <line number="15" hits="0" branch="False" />
                <line number="16" hits="0" branch="False" />
                <line number="18" hits="0" branch="False" />
              </lines>
            </method>
          </methods>
          <lines>
            <line number="8" hits="0" branch="False" />
            <line number="9" hits="0" branch="False" />
            <line number="10" hits="0" branch="False" />
            <line number="13" hits="0" branch="False" />
            <line number="14" hits="0" branch="False" />
            <line number="15" hits="0" branch="False" />
            <line number="16" hits="0" branch="False" />
            <line number="18" hits="0" branch="False" />
          </lines>
        </class>
        <class name="Tetris.MainOutPut" filename="OneDrive\Рабочий стол\Studying\tetris\Tetris\MainOutPut.cs" line-rate="0" branch-rate="1" complexity="1">
          <methods>
            <method name="printLine" signature="(System.String)" line-rate="0" branch-rate="1" complexity="1">
              <lines>
                <line number="8" hits="0" branch="False" />
                <line number="9" hits="0" branch="False" />
                <line number="10" hits="0" branch="False" />
              </lines>
            </method>
          </methods>
          <lines>
            <line number="8" hits="0" branch="False" />
            <line number="9" hits="0" branch="False" />
            <line number="10" hits="0" branch="False" />
          </lines>
        </class>
        <class name="Tetris.Messages" filename="OneDrive\Рабочий стол\Studying\tetris\Tetris\Messages.cs" line-rate="1" branch-rate="1" complexity="1">
          <methods>
            <method name=".cctor" signature="()" line-rate="1" branch-rate="1" complexity="1">
              <lines>
                <line number="5" hits="1" branch="False" />
                <line number="6" hits="1" branch="False" />
                <line number="7" hits="1" branch="False" />
              </lines>
            </method>
          </methods>
          <lines>
            <line number="5" hits="1" branch="False" />
            <line number="6" hits="1" branch="False" />
            <line number="7" hits="1" branch="False" />
          </lines>
        </class>
        <class name="Tetris.Parser" filename="OneDrive\Рабочий стол\Studying\tetris\Tetris\Parser.cs" line-rate="1" branch-rate="1" complexity="4">
          <methods>
            <method name="Parse" signature="(System.String)" line-rate="1" branch-rate="1" complexity="4">
              <lines>
                <line number="8" hits="4" branch="False" />
                <line number="9" hits="4" branch="False" />
                <line number="10" hits="4" branch="False" />
                <line number="11" hits="3" branch="False" />
                <line number="13" hits="3" branch="False" />
                <line number="15" hits="48" branch="True" condition-coverage="100% (2/2)">
                  <conditions>
                    <condition number="124" type="jump" coverage="100%" />
                  </conditions>
                </line>
                <line number="16" hits="21" branch="False" />
                <line number="17" hits="420" branch="True" condition-coverage="100% (2/2)">
                  <conditions>
                    <condition number="104" type="jump" coverage="100%" />
                  </conditions>
                </line>
                <line number="18" hits="189" branch="False" />
                <line number="19" hits="189" branch="False" />
                <line number="20" hits="189" branch="False" />
                <line number="21" hits="21" branch="False" />
                <line number="22" hits="3" branch="False" />
                <line number="23" hits="3" branch="False" />
              </lines>
            </method>
          </methods>
          <lines>
            <line number="8" hits="4" branch="False" />
            <line number="9" hits="4" branch="False" />
            <line number="10" hits="4" branch="False" />
            <line number="11" hits="3" branch="False" />
            <line number="13" hits="3" branch="False" />
            <line number="15" hits="48" branch="True" condition-coverage="100% (2/2)">
              <conditions>
                <condition number="124" type="jump" coverage="100%" />
              </conditions>
            </line>
            <line number="16" hits="21" branch="False" />
            <line number="17" hits="420" branch="True" condition-coverage="100% (2/2)">
              <conditions>
                <condition number="104" type="jump" coverage="100%" />
              </conditions>
            </line>
            <line number="18" hits="189" branch="False" />
            <line number="19" hits="189" branch="False" />
            <line number="20" hits="189" branch="False" />
            <line number="21" hits="21" branch="False" />
            <line number="22" hits="3" branch="False" />
            <line number="23" hits="3" branch="False" />
          </lines>
        </class>
        <class name="Tetris.Program" filename="OneDrive\Рабочий стол\Studying\tetris\Tetris\Program.cs" line-rate="0" branch-rate="1" complexity="1">
          <methods>
            <method name="Main" signature="(System.String[])" line-rate="0" branch-rate="1" complexity="1">
              <lines>
                <line number="6" hits="0" branch="False" />
                <line number="7" hits="0" branch="False" />
                <line number="8" hits="0" branch="False" />
              </lines>
            </method>
          </methods>
          <lines>
            <line number="6" hits="0" branch="False" />
            <line number="7" hits="0" branch="False" />
            <line number="8" hits="0" branch="False" />
          </lines>
        </class>
      </classes>
    </package>
    <package name="TetrisTests" line-rate="0.9942" branch-rate="1" complexity="35">
      <classes>
        <class name="AutoGeneratedProgram" filename=".nuget\packages\microsoft.net.test.sdk\17.1.0\build\netcoreapp2.1\Microsoft.NET.Test.Sdk.Program.cs" line-rate="0" branch-rate="1" complexity="1">
          <methods>
            <method name="Main" signature="(System.String[])" line-rate="0" branch-rate="1" complexity="1">
              <lines>
                <line number="4" hits="0" branch="False" />
              </lines>
            </method>
          </methods>
          <lines>
            <line number="4" hits="0" branch="False" />
          </lines>
        </class>
        <class name="Tetris.Tests.HandlerTests" filename="OneDrive\Рабочий стол\Studying\tetris\TetrisTests2\HandlerTests.cs" line-rate="1" branch-rate="1" complexity="7">
          <methods>
            <method name="SetUp" signature="()" line-rate="1" branch-rate="1" complexity="1">
              <lines>
                <line number="15" hits="5" branch="False" />
                <line number="16" hits="5" branch="False" />
                <line number="17" hits="5" branch="False" />
                <line number="18" hits="5" branch="False" />
                <line number="19" hits="5" branch="False" />
              </lines>
            </method>
            <method name="ItShouldShowHowToUseInstractionIfThereIsNoInputFileParam" signature="()" line-rate="1" branch-rate="1" complexity="1">
              <lines>
                <line number="23" hits="1" branch="False" />
                <line number="24" hits="2" branch="False" />
                <line number="26" hits="1" branch="False" />
                <line number="28" hits="1" branch="False" />
                <line number="29" hits="1" branch="False" />
                <line number="30" hits="1" branch="False" />
              </lines>
            </method>
            <method name="ItShouldCheckIfInputFileExistsAndItNotThanShowAnMessage" signature="()" line-rate="1" branch-rate="1" complexity="1">
              <lines>
                <line number="34" hits="1" branch="False" />
                <line number="35" hits="1" branch="False" />
                <line number="36" hits="2" branch="False" />
                <line number="37" hits="1" branch="False" />
                <line number="39" hits="1" branch="False" />
                <line number="41" hits="1" branch="False" />
                <line number="42" hits="1" branch="False" />
                <line number="43" hits="1" branch="False" />
              </lines>
            </method>
            <method name="ItShouldParseInputFileAndThrowAnErrorIfIsWrong" signature="()" line-rate="1" branch-rate="1" complexity="1">
              <lines>
                <line number="47" hits="1" branch="False" />
                <line number="48" hits="1" branch="False" />
                <line number="49" hits="2" branch="False" />
                <line number="50" hits="1" branch="False" />
                <line number="51" hits="1" branch="False" />
                <line number="53" hits="1" branch="False" />
                <line number="55" hits="1" branch="False" />
                <line number="56" hits="1" branch="False" />
                <line number="57" hits="1" branch="False" />
              </lines>
            </method>
            <method name="ItShouldPrintFinalBoardState" signature="()" line-rate="1" branch-rate="1" complexity="1">
              <lines>
                <line number="60" hits="1" branch="False" />
                <line number="61" hits="1" branch="False" />
                <line number="62" hits="1" branch="False" />
                <line number="63" hits="1" branch="False" />
                <line number="64" hits="1" branch="False" />
                <line number="65" hits="1" branch="False" />
                <line number="66" hits="1" branch="False" />
                <line number="67" hits="1" branch="False" />
                <line number="68" hits="1" branch="False" />
                <line number="69" hits="1" branch="False" />
                <line number="70" hits="1" branch="False" />
                <line number="71" hits="1" branch="False" />
                <line number="72" hits="1" branch="False" />
                <line number="73" hits="1" branch="False" />
                <line number="74" hits="1" branch="False" />
                <line number="75" hits="1" branch="False" />
                <line number="76" hits="1" branch="False" />
                <line number="77" hits="2" branch="False" />
                <line number="78" hits="1" branch="False" />
                <line number="79" hits="1" branch="False" />
                <line number="81" hits="1" branch="False" />
                <line number="83" hits="1" branch="False" />
                <line number="84" hits="1" branch="False" />
                <line number="85" hits="1" branch="False" />
              </lines>
            </method>
            <method name="ItShouldPrintAllBoardState" signature="()" line-rate="1" branch-rate="1" complexity="1">
              <lines>
                <line number="89" hits="1" branch="False" />
                <line number="90" hits="1" branch="False" />
                <line number="91" hits="1" branch="False" />
                <line number="92" hits="1" branch="False" />
                <line number="93" hits="1" branch="False" />
                <line number="94" hits="1" branch="False" />
                <line number="95" hits="1" branch="False" />
                <line number="96" hits="1" branch="False" />
                <line number="97" hits="1" branch="False" />
                <line number="98" hits="1" branch="False" />
                <line number="99" hits="1" branch="False" />
                <line number="100" hits="1" branch="False" />
                <line number="101" hits="1" branch="False" />
                <line number="102" hits="1" branch="False" />
                <line number="103" hits="1" branch="False" />
                <line number="104" hits="1" branch="False" />
                <line number="105" hits="1" branch="False" />
                <line number="106" hits="1" branch="False" />
                <line number="107" hits="1" branch="False" />
                <line number="108" hits="1" branch="False" />
                <line number="109" hits="1" branch="False" />
                <line number="110" hits="1" branch="False" />
                <line number="111" hits="1" branch="False" />
                <line number="112" hits="1" branch="False" />
                <line number="113" hits="1" branch="False" />
                <line number="114" hits="1" branch="False" />
                <line number="115" hits="1" branch="False" />
                <line number="116" hits="1" branch="False" />
                <line number="117" hits="1" branch="False" />
                <line number="118" hits="1" branch="False" />
                <line number="119" hits="1" branch="False" />
                <line number="120" hits="1" branch="False" />
                <line number="121" hits="1" branch="False" />
                <line number="122" hits="1" branch="False" />
                <line number="123" hits="2" branch="False" />
                <line number="124" hits="2" branch="False" />
                <line number="125" hits="2" branch="False" />
                <line number="126" hits="1" branch="False" />
                <line number="127" hits="1" branch="False" />
                <line number="129" hits="1" branch="False" />
                <line number="131" hits="1" branch="False" />
                <line number="132" hits="1" branch="False" />
                <line number="133" hits="1" branch="False" />
                <line number="134" hits="1" branch="False" />
                <line number="135" hits="1" branch="False" />
              </lines>
            </method>
            <method name=".ctor" signature="()" line-rate="1" branch-rate="1" complexity="1">
              <lines>
                <line number="9" hits="5" branch="False" />
                <line number="10" hits="5" branch="False" />
                <line number="11" hits="5" branch="False" />
              </lines>
            </method>
          </methods>
          <lines>
            <line number="15" hits="5" branch="False" />
            <line number="16" hits="5" branch="False" />
            <line number="17" hits="5" branch="False" />
            <line number="18" hits="5" branch="False" />
            <line number="19" hits="5" branch="False" />
            <line number="23" hits="1" branch="False" />
            <line number="24" hits="2" branch="False" />
            <line number="26" hits="1" branch="False" />
            <line number="28" hits="1" branch="False" />
            <line number="29" hits="1" branch="False" />
            <line number="30" hits="1" branch="False" />
            <line number="34" hits="1" branch="False" />
            <line number="35" hits="1" branch="False" />
            <line number="36" hits="2" branch="False" />
            <line number="37" hits="1" branch="False" />
            <line number="39" hits="1" branch="False" />
            <line number="41" hits="1" branch="False" />
            <line number="42" hits="1" branch="False" />
            <line number="43" hits="1" branch="False" />
            <line number="47" hits="1" branch="False" />
            <line number="48" hits="1" branch="False" />
            <line number="49" hits="2" branch="False" />
            <line number="50" hits="1" branch="False" />
            <line number="51" hits="1" branch="False" />
            <line number="53" hits="1" branch="False" />
            <line number="55" hits="1" branch="False" />
            <line number="56" hits="1" branch="False" />
            <line number="57" hits="1" branch="False" />
            <line number="60" hits="1" branch="False" />
            <line number="61" hits="1" branch="False" />
            <line number="62" hits="1" branch="False" />
            <line number="63" hits="1" branch="False" />
            <line number="64" hits="1" branch="False" />
            <line number="65" hits="1" branch="False" />
            <line number="66" hits="1" branch="False" />
            <line number="67" hits="1" branch="False" />
            <line number="68" hits="1" branch="False" />
            <line number="69" hits="1" branch="False" />
            <line number="70" hits="1" branch="False" />
            <line number="71" hits="1" branch="False" />
            <line number="72" hits="1" branch="False" />
            <line number="73" hits="1" branch="False" />
            <line number="74" hits="1" branch="False" />
            <line number="75" hits="1" branch="False" />
            <line number="76" hits="1" branch="False" />
            <line number="77" hits="2" branch="False" />
            <line number="78" hits="1" branch="False" />
            <line number="79" hits="1" branch="False" />
            <line number="81" hits="1" branch="False" />
            <line number="83" hits="1" branch="False" />
            <line number="84" hits="1" branch="False" />
            <line number="85" hits="1" branch="False" />
            <line number="89" hits="1" branch="False" />
            <line number="90" hits="1" branch="False" />
            <line number="91" hits="1" branch="False" />
            <line number="92" hits="1" branch="False" />
            <line number="93" hits="1" branch="False" />
            <line number="94" hits="1" branch="False" />
            <line number="95" hits="1" branch="False" />
            <line number="96" hits="1" branch="False" />
            <line number="97" hits="1" branch="False" />
            <line number="98" hits="1" branch="False" />
            <line number="99" hits="1" branch="False" />
            <line number="100" hits="1" branch="False" />
            <line number="101" hits="1" branch="False" />
            <line number="102" hits="1" branch="False" />
            <line number="103" hits="1" branch="False" />
            <line number="104" hits="1" branch="False" />
            <line number="105" hits="1" branch="False" />
            <line number="106" hits="1" branch="False" />
            <line number="107" hits="1" branch="False" />
            <line number="108" hits="1" branch="False" />
            <line number="109" hits="1" branch="False" />
            <line number="110" hits="1" branch="False" />
            <line number="111" hits="1" branch="False" />
            <line number="112" hits="1" branch="False" />
            <line number="113" hits="1" branch="False" />
            <line number="114" hits="1" branch="False" />
            <line number="115" hits="1" branch="False" />
            <line number="116" hits="1" branch="False" />
            <line number="117" hits="1" branch="False" />
            <line number="118" hits="1" branch="False" />
            <line number="119" hits="1" branch="False" />
            <line number="120" hits="1" branch="False" />
            <line number="121" hits="1" branch="False" />
            <line number="122" hits="1" branch="False" />
            <line number="123" hits="2" branch="False" />
            <line number="124" hits="2" branch="False" />
            <line number="125" hits="2" branch="False" />
            <line number="126" hits="1" branch="False" />
            <line number="127" hits="1" branch="False" />
            <line number="129" hits="1" branch="False" />
            <line number="131" hits="1" branch="False" />
            <line number="132" hits="1" branch="False" />
            <line number="133" hits="1" branch="False" />
            <line number="134" hits="1" branch="False" />
            <line number="135" hits="1" branch="False" />
            <line number="9" hits="5" branch="False" />
            <line number="10" hits="5" branch="False" />
            <line number="11" hits="5" branch="False" />
          </lines>
        </class>
        <class name="Tetris.Tests.LogicTests" filename="OneDrive\Рабочий стол\Studying\tetris\TetrisTests2\LogicTests.cs" line-rate="1" branch-rate="1" complexity="23">
          <methods>
            <method name="LogicTest_CreatedStartBoard_WithSizeOfInputArrayAndWithListsOfFigurePointsAndLanshftPoints" signature="()" line-rate="1" branch-rate="1" complexity="1">
              <lines>
                <line number="21" hits="1" branch="False" />
                <line number="22" hits="1" branch="False" />
                <line number="24" hits="1" branch="False" />
                <line number="25" hits="1" branch="False" />
                <line number="26" hits="1" branch="False" />
                <line number="27" hits="1" branch="False" />
                <line number="28" hits="1" branch="False" />
              </lines>
            </method>
            <method name="Step_CreatBoardAndCallMethodStep_AllPointsOfFigureStepDownIfThereIsNotLandscape" signature="()" line-rate="1" branch-rate="1" complexity="10">
              <lines>
                <line number="32" hits="1" branch="False" />
                <line number="33" hits="1" branch="False" />
                <line number="35" hits="1" branch="False" />
                <line number="37" hits="7" branch="True" condition-coverage="100% (2/2)">
                  <conditions>
                    <condition number="8" type="jump" coverage="100%" />
                  </conditions>
                </line>
                <line number="38" hits="8" branch="True" condition-coverage="100% (2/2)">
                  <conditions>
                    <condition number="8" type="jump" coverage="100%" />
                  </conditions>
                </line>
                <line number="39" hits="9" branch="True" condition-coverage="100% (2/2)">
                  <conditions>
                    <condition number="8" type="jump" coverage="100%" />
                  </conditions>
                </line>
                <line number="40" hits="9" branch="True" condition-coverage="100% (2/2)">
                  <conditions>
                    <condition number="8" type="jump" coverage="100%" />
                  </conditions>
                </line>
                <line number="41" hits="9" branch="True" condition-coverage="100% (2/2)">
                  <conditions>
                    <condition number="8" type="jump" coverage="100%" />
                  </conditions>
                </line>
                <line number="42" hits="1" branch="False" />
              </lines>
            </method>
            <method name="Move_CreatBoardAndCallMethodMove_AllPointsOfFigureMoveDownWhileNoPointStepsOnTheLandscape" signature="()" line-rate="1" branch-rate="1" complexity="10">
              <lines>
                <line number="46" hits="1" branch="False" />
                <line number="47" hits="1" branch="False" />
                <line number="49" hits="1" branch="False" />
                <line number="51" hits="7" branch="True" condition-coverage="100% (2/2)">
                  <conditions>
                    <condition number="8" type="jump" coverage="100%" />
                  </conditions>
                </line>
                <line number="52" hits="8" branch="True" condition-coverage="100% (2/2)">
                  <conditions>
                    <condition number="8" type="jump" coverage="100%" />
                  </conditions>
                </line>
                <line number="53" hits="9" branch="True" condition-coverage="100% (2/2)">
                  <conditions>
                    <condition number="8" type="jump" coverage="100%" />
                  </conditions>
                </line>
                <line number="54" hits="9" branch="True" condition-coverage="100% (2/2)">
                  <conditions>
                    <condition number="8" type="jump" coverage="100%" />
                  </conditions>
                </line>
                <line number="55" hits="9" branch="True" condition-coverage="100% (2/2)">
                  <conditions>
                    <condition number="8" type="jump" coverage="100%" />
                  </conditions>
                </line>
                <line number="56" hits="1" branch="False" />
              </lines>
            </method>
            <method name="PrintGameBoardTest" signature="()" line-rate="1" branch-rate="1" complexity="1">
              <lines>
                <line number="60" hits="1" branch="False" />
                <line number="61" hits="1" branch="False" />
                <line number="62" hits="1" branch="False" />
                <line number="63" hits="1" branch="False" />
                <line number="64" hits="1" branch="False" />
                <line number="65" hits="1" branch="False" />
                <line number="66" hits="1" branch="False" />
                <line number="67" hits="1" branch="False" />
                <line number="68" hits="1" branch="False" />
                <line number="69" hits="1" branch="False" />
                <line number="71" hits="1" branch="False" />
                <line number="72" hits="1" branch="False" />
              </lines>
            </method>
            <method name=".ctor" signature="()" line-rate="1" branch-rate="1" complexity="1">
              <lines>
                <line number="8" hits="4" branch="False" />
                <line number="9" hits="4" branch="False" />
                <line number="10" hits="4" branch="False" />
                <line number="11" hits="4" branch="False" />
                <line number="12" hits="4" branch="False" />
                <line number="13" hits="4" branch="False" />
                <line number="14" hits="4" branch="False" />
                <line number="15" hits="4" branch="False" />
                <line number="16" hits="4" branch="False" />
                <line number="17" hits="4" branch="False" />
              </lines>
            </method>
          </methods>
          <lines>
            <line number="21" hits="1" branch="False" />
            <line number="22" hits="1" branch="False" />
            <line number="24" hits="1" branch="False" />
            <line number="25" hits="1" branch="False" />
            <line number="26" hits="1" branch="False" />
            <line number="27" hits="1" branch="False" />
            <line number="28" hits="1" branch="False" />
            <line number="32" hits="1" branch="False" />
            <line number="33" hits="1" branch="False" />
            <line number="35" hits="1" branch="False" />
            <line number="37" hits="7" branch="True" condition-coverage="100% (2/2)">
              <conditions>
                <condition number="8" type="jump" coverage="100%" />
              </conditions>
            </line>
            <line number="38" hits="8" branch="True" condition-coverage="100% (2/2)">
              <conditions>
                <condition number="8" type="jump" coverage="100%" />
              </conditions>
            </line>
            <line number="39" hits="9" branch="True" condition-coverage="100% (2/2)">
              <conditions>
                <condition number="8" type="jump" coverage="100%" />
              </conditions>
            </line>
            <line number="40" hits="9" branch="True" condition-coverage="100% (2/2)">
              <conditions>
                <condition number="8" type="jump" coverage="100%" />
              </conditions>
            </line>
            <line number="41" hits="9" branch="True" condition-coverage="100% (2/2)">
              <conditions>
                <condition number="8" type="jump" coverage="100%" />
              </conditions>
            </line>
            <line number="42" hits="1" branch="False" />
            <line number="46" hits="1" branch="False" />
            <line number="47" hits="1" branch="False" />
            <line number="49" hits="1" branch="False" />
            <line number="51" hits="7" branch="True" condition-coverage="100% (2/2)">
              <conditions>
                <condition number="8" type="jump" coverage="100%" />
              </conditions>
            </line>
            <line number="52" hits="8" branch="True" condition-coverage="100% (2/2)">
              <conditions>
                <condition number="8" type="jump" coverage="100%" />
              </conditions>
            </line>
            <line number="53" hits="9" branch="True" condition-coverage="100% (2/2)">
              <conditions>
                <condition number="8" type="jump" coverage="100%" />
              </conditions>
            </line>
            <line number="54" hits="9" branch="True" condition-coverage="100% (2/2)">
              <conditions>
                <condition number="8" type="jump" coverage="100%" />
              </conditions>
            </line>
            <line number="55" hits="9" branch="True" condition-coverage="100% (2/2)">
              <conditions>
                <condition number="8" type="jump" coverage="100%" />
              </conditions>
            </line>
            <line number="56" hits="1" branch="False" />
            <line number="60" hits="1" branch="False" />
            <line number="61" hits="1" branch="False" />
            <line number="62" hits="1" branch="False" />
            <line number="63" hits="1" branch="False" />
            <line number="64" hits="1" branch="False" />
            <line number="65" hits="1" branch="False" />
            <line number="66" hits="1" branch="False" />
            <line number="67" hits="1" branch="False" />
            <line number="68" hits="1" branch="False" />
            <line number="69" hits="1" branch="False" />
            <line number="71" hits="1" branch="False" />
            <line number="72" hits="1" branch="False" />
            <line number="8" hits="4" branch="False" />
            <line number="9" hits="4" branch="False" />
            <line number="10" hits="4" branch="False" />
            <line number="11" hits="4" branch="False" />
            <line number="12" hits="4" branch="False" />
            <line number="13" hits="4" branch="False" />
            <line number="14" hits="4" branch="False" />
            <line number="15" hits="4" branch="False" />
            <line number="16" hits="4" branch="False" />
            <line number="17" hits="4" branch="False" />
          </lines>
        </class>
        <class name="Tetris.Tests.ParserTests" filename="OneDrive\Рабочий стол\Studying\tetris\TetrisTests2\ParserTests.cs" line-rate="1" branch-rate="1" complexity="4">
          <methods>
            <method name="ParseTest" signature="()" line-rate="1" branch-rate="1" complexity="4">
              <lines>
                <line number="10" hits="1" branch="False" />
                <line number="11" hits="1" branch="False" />
                <line number="12" hits="1" branch="False" />
                <line number="13" hits="1" branch="False" />
                <line number="14" hits="1" branch="False" />
                <line number="15" hits="1" branch="False" />
                <line number="16" hits="1" branch="False" />
                <line number="17" hits="1" branch="False" />
                <line number="18" hits="1" branch="False" />
                <line number="19" hits="1" branch="False" />
                <line number="21" hits="1" branch="False" />
                <line number="22" hits="1" branch="False" />
                <line number="23" hits="1" branch="False" />
                <line number="24" hits="1" branch="False" />
                <line number="25" hits="1" branch="False" />
                <line number="26" hits="1" branch="False" />
                <line number="27" hits="1" branch="False" />
                <line number="28" hits="1" branch="False" />
                <line number="30" hits="16" branch="True" condition-coverage="100% (2/2)">
                  <conditions>
                    <condition number="106" type="jump" coverage="100%" />
                  </conditions>
                </line>
                <line number="31" hits="7" branch="False" />
                <line number="32" hits="140" branch="True" condition-coverage="100% (2/2)">
                  <conditions>
                    <condition number="91" type="jump" coverage="100%" />
                  </conditions>
                </line>
                <line number="33" hits="63" branch="False" />
                <line number="34" hits="63" branch="False" />
                <line number="35" hits="63" branch="False" />
                <line number="36" hits="7" branch="False" />
                <line number="37" hits="1" branch="False" />
              </lines>
            </method>
          </methods>
          <lines>
            <line number="10" hits="1" branch="False" />
            <line number="11" hits="1" branch="False" />
            <line number="12" hits="1" branch="False" />
            <line number="13" hits="1" branch="False" />
            <line number="14" hits="1" branch="False" />
            <line number="15" hits="1" branch="False" />
            <line number="16" hits="1" branch="False" />
            <line number="17" hits="1" branch="False" />
            <line number="18" hits="1" branch="False" />
            <line number="19" hits="1" branch="False" />
            <line number="21" hits="1" branch="False" />
            <line number="22" hits="1" branch="False" />
            <line number="23" hits="1" branch="False" />
            <line number="24" hits="1" branch="False" />
            <line number="25" hits="1" branch="False" />
            <line number="26" hits="1" branch="False" />
            <line number="27" hits="1" branch="False" />
            <line number="28" hits="1" branch="False" />
            <line number="30" hits="16" branch="True" condition-coverage="100% (2/2)">
              <conditions>
                <condition number="106" type="jump" coverage="100%" />
              </conditions>
            </line>
            <line number="31" hits="7" branch="False" />
            <line number="32" hits="140" branch="True" condition-coverage="100% (2/2)">
              <conditions>
                <condition number="91" type="jump" coverage="100%" />
              </conditions>
            </line>
            <line number="33" hits="63" branch="False" />
            <line number="34" hits="63" branch="False" />
            <line number="35" hits="63" branch="False" />
            <line number="36" hits="7" branch="False" />
            <line number="37" hits="1" branch="False" />
          </lines>
        </class>
      </classes>
    </package>
  </packages>
</coverage>